Build started 6/13/2014 10:38:45 PM.
     1>Project "C:\Users\Lee\Documents\C++\StudentBinaryTreeVS2012\StudentBinaryTreeVS2012\StudentBinaryTreeVS2012.vcxproj" on node 2 (Build target(s)).
     1>ClCompile:
         C:\Program Files (x86)\Microsoft Visual Studio 11.0\VC\bin\CL.exe /c /ZI /nologo /W3 /WX- /Od /Oy- /D WIN32 /D _DEBUG /D _CONSOLE /D _UNICODE /D UNICODE /Gm /EHsc /RTC1 /MDd /GS /fp:precise /Zc:wchar_t /Zc:forScope /Fo"Debug\\" /Fd"Debug\vc110.pdb" /Gd /TP /analyze- /errorReport:prompt BadIterator.cpp BinaryTree.cpp BinaryTreeIterator.cpp BinaryTreeNode.cpp EmptyQueue.cpp InvalidTreeArgument.cpp LevelOrderIterator.cpp Queue.cpp QueueNode.cpp TreeMenu.cpp
         TreeMenu.cpp
         QueueNode.cpp
         Queue.cpp
         LevelOrderIterator.cpp
         InvalidTreeArgument.cpp
         EmptyQueue.cpp
         BinaryTreeNode.cpp
         BinaryTreeIterator.cpp
         BinaryTree.cpp
         BadIterator.cpp
         Generating Code...
       Link:
         C:\Program Files (x86)\Microsoft Visual Studio 11.0\VC\bin\link.exe /ERRORREPORT:PROMPT /OUT:"C:\Users\Lee\Documents\C++\StudentBinaryTreeVS2012\Debug\StudentBinaryTreeVS2012.exe" /INCREMENTAL /NOLOGO kernel32.lib user32.lib gdi32.lib winspool.lib comdlg32.lib advapi32.lib shell32.lib ole32.lib oleaut32.lib uuid.lib odbc32.lib odbccp32.lib /MANIFEST /MANIFESTUAC:"level='asInvoker' uiAccess='false'" /manifest:embed /DEBUG /PDB:"C:\Users\Lee\Documents\C++\StudentBinaryTreeVS2012\Debug\StudentBinaryTreeVS2012.pdb" /SUBSYSTEM:CONSOLE /TLBID:1 /DYNAMICBASE /NXCOMPAT /IMPLIB:"C:\Users\Lee\Documents\C++\StudentBinaryTreeVS2012\Debug\StudentBinaryTreeVS2012.lib" /MACHINE:X86 Debug\BadIterator.obj
         Debug\BinaryTree.obj
         Debug\BinaryTreeIterator.obj
         Debug\BinaryTreeNode.obj
         Debug\EmptyQueue.obj
         Debug\InvalidTreeArgument.obj
         Debug\LevelOrderIterator.obj
         Debug\Queue.obj
         Debug\QueueNode.obj
         Debug\TreeMenu.obj
         StudentBinaryTreeVS2012.vcxproj -> C:\Users\Lee\Documents\C++\StudentBinaryTreeVS2012\Debug\StudentBinaryTreeVS2012.exe
     1>Done Building Project "C:\Users\Lee\Documents\C++\StudentBinaryTreeVS2012\StudentBinaryTreeVS2012\StudentBinaryTreeVS2012.vcxproj" (Build target(s)).

Build succeeded.

Time Elapsed 00:00:08.52
