Build started 5/21/2014 11:49:24 PM.
     1>Project "C:\Users\Lee\Documents\StudentTreeVS2012\StudentTreeVS2012\StudentTreeVS2012.vcxproj" on node 2 (Rebuild target(s)).
     1>ClCompile:
         C:\Program Files (x86)\Microsoft Visual Studio 11.0\VC\bin\CL.exe /c /ZI /nologo /W3 /WX- /Od /Oy- /D WIN32 /D _DEBUG /D _CONSOLE /D _UNICODE /D UNICODE /Gm /EHsc /RTC1 /MDd /GS /fp:precise /Zc:wchar_t /Zc:forScope /Fo"Debug\\" /Fd"Debug\vc110.pdb" /Gd /TP /analyze- /errorReport:prompt BadIterator.cpp EmptyQueue.cpp EmptyStack.cpp InvalidTreeArgument.cpp LevelOrderIterator.cpp PreOrderIterator.cpp Queue.cpp QueueNode.cpp Stack.cpp StackNode.cpp Tree.cpp TreeIterator.cpp TreeMenu.cpp TreeNode.cpp ValueNotFound.cpp
         ValueNotFound.cpp
         TreeNode.cpp
         TreeMenu.cpp
     1>c:\users\lee\documents\studenttreevs2012\studenttreevs2012\treemenu.cpp(35): warning C4101: 'value2' : unreferenced local variable
         TreeIterator.cpp
         Tree.cpp
         StackNode.cpp
         Stack.cpp
         QueueNode.cpp
         Queue.cpp
         PreOrderIterator.cpp
         LevelOrderIterator.cpp
         InvalidTreeArgument.cpp
         EmptyStack.cpp
         EmptyQueue.cpp
         BadIterator.cpp
         Generating Code...
       Link:
         C:\Program Files (x86)\Microsoft Visual Studio 11.0\VC\bin\link.exe /ERRORREPORT:PROMPT /OUT:"C:\Users\Lee\Documents\StudentTreeVS2012\Debug\StudentTreeVS2012.exe" /INCREMENTAL /NOLOGO kernel32.lib user32.lib gdi32.lib winspool.lib comdlg32.lib advapi32.lib shell32.lib ole32.lib oleaut32.lib uuid.lib odbc32.lib odbccp32.lib /MANIFEST /MANIFESTUAC:"level='asInvoker' uiAccess='false'" /manifest:embed /DEBUG /PDB:"C:\Users\Lee\Documents\StudentTreeVS2012\Debug\StudentTreeVS2012.pdb" /SUBSYSTEM:CONSOLE /TLBID:1 /DYNAMICBASE /NXCOMPAT /IMPLIB:"C:\Users\Lee\Documents\StudentTreeVS2012\Debug\StudentTreeVS2012.lib" /MACHINE:X86 Debug\BadIterator.obj
         Debug\EmptyQueue.obj
         Debug\EmptyStack.obj
         Debug\InvalidTreeArgument.obj
         Debug\LevelOrderIterator.obj
         Debug\PreOrderIterator.obj
         Debug\Queue.obj
         Debug\QueueNode.obj
         Debug\Stack.obj
         Debug\StackNode.obj
         Debug\Tree.obj
         Debug\TreeIterator.obj
         Debug\TreeMenu.obj
         Debug\TreeNode.obj
         Debug\ValueNotFound.obj
         StudentTreeVS2012.vcxproj -> C:\Users\Lee\Documents\StudentTreeVS2012\Debug\StudentTreeVS2012.exe
     1>Done Building Project "C:\Users\Lee\Documents\StudentTreeVS2012\StudentTreeVS2012\StudentTreeVS2012.vcxproj" (Rebuild target(s)).

Build succeeded.

Time Elapsed 00:00:07.14
