Build started 5/22/2014 7:37:45 AM.
     1>Project "C:\Users\Lee\Desktop\Lec3SourceVS2012\MenuDrivenListVS2012\MenuDrivenListVS2012\MenuDrivenListVS2012.vcxproj" on node 2 (Rebuild target(s)).
     1>ClCompile:
         C:\Program Files (x86)\Microsoft Visual Studio 11.0\VC\bin\CL.exe /c /ZI /nologo /W3 /WX- /Od /Oy- /D WIN32 /D _DEBUG /D _CONSOLE /D _UNICODE /D UNICODE /Gm /EHsc /RTC1 /MDd /GS /fp:precise /Zc:wchar_t /Zc:forScope /Fo"Debug\\" /Fd"Debug\vc110.pdb" /Gd /TP /analyze- /errorReport:prompt BadIterator.cpp List.cpp ListIterator.cpp ListMenu.cpp ListNode.cpp
         ListNode.cpp
         ListMenu.cpp
         ListIterator.cpp
         List.cpp
         BadIterator.cpp
         Generating Code...
       Link:
         C:\Program Files (x86)\Microsoft Visual Studio 11.0\VC\bin\link.exe /ERRORREPORT:PROMPT /OUT:"C:\Users\Lee\Desktop\Lec3SourceVS2012\MenuDrivenListVS2012\Debug\MenuDrivenListVS2012.exe" /INCREMENTAL /NOLOGO kernel32.lib user32.lib gdi32.lib winspool.lib comdlg32.lib advapi32.lib shell32.lib ole32.lib oleaut32.lib uuid.lib odbc32.lib odbccp32.lib /MANIFEST /MANIFESTUAC:"level='asInvoker' uiAccess='false'" /manifest:embed /DEBUG /PDB:"C:\Users\Lee\Desktop\Lec3SourceVS2012\MenuDrivenListVS2012\Debug\MenuDrivenListVS2012.pdb" /SUBSYSTEM:CONSOLE /TLBID:1 /DYNAMICBASE /NXCOMPAT /IMPLIB:"C:\Users\Lee\Desktop\Lec3SourceVS2012\MenuDrivenListVS2012\Debug\MenuDrivenListVS2012.lib" /MACHINE:X86 Debug\BadIterator.obj
         Debug\List.obj
         Debug\ListIterator.obj
         Debug\ListMenu.obj
         Debug\ListNode.obj
         MenuDrivenListVS2012.vcxproj -> C:\Users\Lee\Desktop\Lec3SourceVS2012\MenuDrivenListVS2012\Debug\MenuDrivenListVS2012.exe
     1>Done Building Project "C:\Users\Lee\Desktop\Lec3SourceVS2012\MenuDrivenListVS2012\MenuDrivenListVS2012\MenuDrivenListVS2012.vcxproj" (Rebuild target(s)).

Build succeeded.

Time Elapsed 00:00:03.06
