Build started 6/2/2014 10:03:03 AM.
     1>Project "C:\Users\Lee\Desktop\SortDriverVS2012\SortDriverVS2012\SortDriverVS2012.vcxproj" on node 2 (Rebuild target(s)).
     1>ClCompile:
         C:\Program Files (x86)\Microsoft Visual Studio 11.0\VC\bin\CL.exe /c /ZI /nologo /W3 /WX- /Od /Oy- /D WIN32 /D _DEBUG /D _CONSOLE /D _UNICODE /D UNICODE /Gm /EHsc /RTC1 /MDd /GS /fp:precise /Zc:wchar_t /Zc:forScope /Fo"Debug\\" /Fd"Debug\vc110.pdb" /Gd /TP /analyze- /errorReport:prompt BadArgument.cpp BinaryHeap.cpp BubbleSort.cpp HeapOverflow.cpp HeapSort.cpp InsertionSort.cpp ItemNotFound.cpp MergeSort.cpp QuickSort.cpp RadixSort.cpp ShellSort.cpp SortDriver.cpp SortRoutine.cpp
         SortRoutine.cpp
         SortDriver.cpp
         ShellSort.cpp
         RadixSort.cpp
         QuickSort.cpp
         MergeSort.cpp
         ItemNotFound.cpp
         InsertionSort.cpp
         HeapSort.cpp
         HeapOverflow.cpp
         BubbleSort.cpp
         BinaryHeap.cpp
         BadArgument.cpp
         Generating Code...
       Link:
         C:\Program Files (x86)\Microsoft Visual Studio 11.0\VC\bin\link.exe /ERRORREPORT:PROMPT /OUT:"C:\Users\Lee\Desktop\SortDriverVS2012\Debug\SortDriverVS2012.exe" /INCREMENTAL /NOLOGO kernel32.lib user32.lib gdi32.lib winspool.lib comdlg32.lib advapi32.lib shell32.lib ole32.lib oleaut32.lib uuid.lib odbc32.lib odbccp32.lib /MANIFEST /MANIFESTUAC:"level='asInvoker' uiAccess='false'" /manifest:embed /DEBUG /PDB:"C:\Users\Lee\Desktop\SortDriverVS2012\Debug\SortDriverVS2012.pdb" /SUBSYSTEM:CONSOLE /TLBID:1 /DYNAMICBASE /NXCOMPAT /IMPLIB:"C:\Users\Lee\Desktop\SortDriverVS2012\Debug\SortDriverVS2012.lib" /MACHINE:X86 Debug\BadArgument.obj
         Debug\BinaryHeap.obj
         Debug\BubbleSort.obj
         Debug\HeapOverflow.obj
         Debug\HeapSort.obj
         Debug\InsertionSort.obj
         Debug\ItemNotFound.obj
         Debug\MergeSort.obj
         Debug\QuickSort.obj
         Debug\RadixSort.obj
         Debug\ShellSort.obj
         Debug\SortDriver.obj
         Debug\SortRoutine.obj
         SortDriverVS2012.vcxproj -> C:\Users\Lee\Desktop\SortDriverVS2012\Debug\SortDriverVS2012.exe
     1>Done Building Project "C:\Users\Lee\Desktop\SortDriverVS2012\SortDriverVS2012\SortDriverVS2012.vcxproj" (Rebuild target(s)).

Build succeeded.

Time Elapsed 00:00:07.03
