Build started 12/16/2013 6:41:33 PM.
     1>Project "C:\Users\Lee\Desktop\C++\Microsoft Visual\SwimmingPool_Exception\SwimmingPool_Exception\SwimmingPool_Exception.vcxproj" on node 2 (build target(s)).
     1>InitializeBuildStatus:
         Creating "Debug\SwimmingPool_Exception.unsuccessfulbuild" because "AlwaysCreate" was specified.
       ClCompile:
         C:\Program Files (x86)\Microsoft Visual Studio 10.0\VC\bin\CL.exe /c /ZI /nologo /W3 /WX- /Od /Oy- /D _MBCS /Gm /EHsc /RTC1 /MDd /GS /fp:precise /Zc:wchar_t /Zc:forScope /Fo"Debug\\" /Fd"Debug\vc100.pdb" /Gd /TP /analyze- /errorReport:prompt SwimmingPoolDriver.cpp
         SwimmingPoolDriver.cpp
       Link:
         C:\Program Files (x86)\Microsoft Visual Studio 10.0\VC\bin\link.exe /ERRORREPORT:PROMPT /OUT:"C:\Users\Lee\Desktop\C++\Microsoft Visual\SwimmingPool_Exception\Debug\SwimmingPool_Exception.exe" /NOLOGO kernel32.lib user32.lib gdi32.lib winspool.lib comdlg32.lib advapi32.lib shell32.lib ole32.lib oleaut32.lib uuid.lib odbc32.lib odbccp32.lib /MANIFEST /ManifestFile:"Debug\SwimmingPool_Exception.exe.intermediate.manifest" /MANIFESTUAC:"level='asInvoker' uiAccess='false'" /DEBUG /PDB:"C:\Users\Lee\Desktop\C++\Microsoft Visual\SwimmingPool_Exception\Debug\SwimmingPool_Exception.pdb" /TLBID:1 /DYNAMICBASE /NXCOMPAT /IMPLIB:"C:\Users\Lee\Desktop\C++\Microsoft Visual\SwimmingPool_Exception\Debug\SwimmingPool_Exception.lib" /MACHINE:X86 Debug\OverflowingSwimmingPoolException.obj
         Debug\SwimmingPool.obj
         Debug\SwimmingPoolDriver.obj
         Debug\UnderflowingSwimmingPoolException.obj
         LINK : C:\Users\Lee\Desktop\C++\Microsoft Visual\SwimmingPool_Exception\Debug\SwimmingPool_Exception.exe not found or not built by the last incremental link; performing full link
         SwimmingPool_Exception.vcxproj -> C:\Users\Lee\Desktop\C++\Microsoft Visual\SwimmingPool_Exception\Debug\SwimmingPool_Exception.exe
       Manifest:
         C:\Program Files (x86)\Microsoft SDKs\Windows\v7.0A\bin\mt.exe /nologo /verbose /outputresource:"C:\Users\Lee\Desktop\C++\Microsoft Visual\SwimmingPool_Exception\Debug\SwimmingPool_Exception.exe;#1" /manifest Debug\SwimmingPool_Exception.exe.intermediate.manifest
       FinalizeBuildStatus:
         Deleting file "Debug\SwimmingPool_Exception.unsuccessfulbuild".
         Touching "Debug\SwimmingPool_Exception.lastbuildstate".
     1>Done Building Project "C:\Users\Lee\Desktop\C++\Microsoft Visual\SwimmingPool_Exception\SwimmingPool_Exception\SwimmingPool_Exception.vcxproj" (build target(s)).

Build succeeded.

Time Elapsed 00:00:01.99
